  [1m[36mActiveRecord::SchemaMigration Pluck (0.4ms)[0m  [1m[34mSELECT "schema_migrations"."version" FROM "schema_migrations" ORDER BY "schema_migrations"."version" ASC[0m
  [1m[36mActiveRecord::InternalMetadata Pluck (1.1ms)[0m  [1m[34mSELECT "ar_internal_metadata"."value" FROM "ar_internal_metadata" WHERE "ar_internal_metadata"."key" = $1 LIMIT $2[0m  [["key", "environment"], ["LIMIT", 1]]
  [1m[36mActiveRecord::SchemaMigration Pluck (0.2ms)[0m  [1m[34mSELECT "schema_migrations"."version" FROM "schema_migrations" ORDER BY "schema_migrations"."version" ASC[0m
  [1m[36mActiveRecord::InternalMetadata Pluck (0.2ms)[0m  [1m[34mSELECT "ar_internal_metadata"."value" FROM "ar_internal_metadata" WHERE "ar_internal_metadata"."key" = $1 LIMIT $2[0m  [["key", "environment"], ["LIMIT", 1]]
  [1m[36mActiveRecord::SchemaMigration Pluck (0.2ms)[0m  [1m[34mSELECT "schema_migrations"."version" FROM "schema_migrations" ORDER BY "schema_migrations"."version" ASC[0m
  [1m[36mActiveRecord::InternalMetadata Pluck (0.2ms)[0m  [1m[34mSELECT "ar_internal_metadata"."value" FROM "ar_internal_metadata" WHERE "ar_internal_metadata"."key" = $1 LIMIT $2[0m  [["key", "environment"], ["LIMIT", 1]]
  [1m[35m (33.4ms)[0m  [1m[35mDROP DATABASE IF EXISTS "recycling_map_development"[0m
  [1m[35m (31.1ms)[0m  [1m[35mDROP DATABASE IF EXISTS "recycling_map_test"[0m
  [1m[35m (0.1ms)[0m  [1m[35mDROP DATABASE IF EXISTS "recycling_map_development"[0m
  [1m[35m (0.2ms)[0m  [1m[35mDROP DATABASE IF EXISTS "recycling_map_test"[0m
  [1m[35m (315.6ms)[0m  [1m[35mCREATE DATABASE "recycling_map_development" ENCODING = 'unicode'[0m
  [1m[35m (139.6ms)[0m  [1m[35mCREATE DATABASE "recycling_map_test" ENCODING = 'unicode'[0m
  [1m[35m (27.6ms)[0m  [1m[35mDROP DATABASE IF EXISTS "recycling_map_development"[0m
  [1m[35m (27.4ms)[0m  [1m[35mDROP DATABASE IF EXISTS "recycling_map_test"[0m
  [1m[35m (149.3ms)[0m  [1m[35mCREATE DATABASE "recycling_map_development" ENCODING = 'unicode'[0m
  [1m[35m (143.5ms)[0m  [1m[35mCREATE DATABASE "recycling_map_test" ENCODING = 'unicode'[0m
  [1m[35m (34.6ms)[0m  [1m[35mCREATE TABLE "schema_migrations" ("version" character varying NOT NULL PRIMARY KEY)[0m
  [1m[35m (21.4ms)[0m  [1m[35mCREATE TABLE "ar_internal_metadata" ("key" character varying NOT NULL PRIMARY KEY, "value" character varying, "created_at" timestamp(6) NOT NULL, "updated_at" timestamp(6) NOT NULL)[0m
  [1m[35m (1.0ms)[0m  [1m[34mSELECT pg_try_advisory_lock(3456408994093091190)[0m
  [1m[36mActiveRecord::SchemaMigration Pluck (0.3ms)[0m  [1m[34mSELECT "schema_migrations"."version" FROM "schema_migrations" ORDER BY "schema_migrations"."version" ASC[0m
Migrating to CreateCollectionPoints (20230416153420)
  [1m[36mTRANSACTION (0.2ms)[0m  [1m[35mBEGIN[0m
  [1m[35m (10.7ms)[0m  [1m[35mCREATE TABLE "collection_points" ("id" bigserial primary key, "name" character varying, "address" character varying, "latitude" float, "longitude" float, "contact" character varying, "website" character varying, "created_at" timestamp(6) NOT NULL, "updated_at" timestamp(6) NOT NULL)[0m
  [1m[36mActiveRecord::SchemaMigration Create (0.4ms)[0m  [1m[32mINSERT INTO "schema_migrations" ("version") VALUES ($1) RETURNING "version"[0m  [["version", "20230416153420"]]
  [1m[36mTRANSACTION (1.9ms)[0m  [1m[35mCOMMIT[0m
Migrating to CreateRecyclableMaterials (20230416153426)
  [1m[36mTRANSACTION (0.1ms)[0m  [1m[35mBEGIN[0m
  [1m[35m (8.9ms)[0m  [1m[35mCREATE TABLE "recyclable_materials" ("id" bigserial primary key, "name" character varying, "description" text, "category" character varying, "created_at" timestamp(6) NOT NULL, "updated_at" timestamp(6) NOT NULL)[0m
  [1m[36mActiveRecord::SchemaMigration Create (0.2ms)[0m  [1m[32mINSERT INTO "schema_migrations" ("version") VALUES ($1) RETURNING "version"[0m  [["version", "20230416153426"]]
  [1m[36mTRANSACTION (1.6ms)[0m  [1m[35mCOMMIT[0m
Migrating to CreateJoinTableCollectionPointRecyclableMaterial (20230416153432)
  [1m[36mTRANSACTION (0.2ms)[0m  [1m[35mBEGIN[0m
  [1m[35m (0.3ms)[0m  [1m[35mCREATE TABLE "collection_points_recyclable_materials" ("collection_point_id" bigint NOT NULL, "recyclable_material_id" bigint NOT NULL)[0m
  [1m[35m (3.4ms)[0m  [1m[35mCREATE INDEX "cp_rm_cp_id_idx" ON "collection_points_recyclable_materials" ("collection_point_id")[0m
  [1m[35m (3.4ms)[0m  [1m[35mCREATE INDEX "cp_rm_rm_id_idx" ON "collection_points_recyclable_materials" ("recyclable_material_id")[0m
  [1m[36mActiveRecord::SchemaMigration Create (0.3ms)[0m  [1m[32mINSERT INTO "schema_migrations" ("version") VALUES ($1) RETURNING "version"[0m  [["version", "20230416153432"]]
  [1m[36mTRANSACTION (1.4ms)[0m  [1m[35mCOMMIT[0m
  [1m[36mActiveRecord::InternalMetadata Load (0.2ms)[0m  [1m[34mSELECT "ar_internal_metadata".* FROM "ar_internal_metadata" WHERE "ar_internal_metadata"."key" = $1 LIMIT $2[0m  [["key", "environment"], ["LIMIT", 1]]
  [1m[36mTRANSACTION (0.1ms)[0m  [1m[35mBEGIN[0m
  [1m[36mActiveRecord::InternalMetadata Create (0.3ms)[0m  [1m[32mINSERT INTO "ar_internal_metadata" ("key", "value", "created_at", "updated_at") VALUES ($1, $2, $3, $4) RETURNING "key"[0m  [["key", "environment"], ["value", "development"], ["created_at", "2023-04-16 15:41:22.313757"], ["updated_at", "2023-04-16 15:41:22.313757"]]
  [1m[36mTRANSACTION (1.6ms)[0m  [1m[35mCOMMIT[0m
  [1m[35m (0.3ms)[0m  [1m[34mSELECT pg_advisory_unlock(3456408994093091190)[0m
  [1m[36mActiveRecord::SchemaMigration Pluck (0.4ms)[0m  [1m[34mSELECT "schema_migrations"."version" FROM "schema_migrations" ORDER BY "schema_migrations"."version" ASC[0m
Started GET "/" for ::1 at 2023-04-16 13:08:51 -0300
  [1m[36mActiveRecord::SchemaMigration Pluck (0.5ms)[0m  [1m[34mSELECT "schema_migrations"."version" FROM "schema_migrations" ORDER BY "schema_migrations"."version" ASC[0m
Processing by Rails::WelcomeController#index as HTML
  Rendering /home/dianin/.asdf/installs/ruby/3.2.2/lib/ruby/gems/3.2.0/gems/railties-7.0.4.3/lib/rails/templates/rails/welcome/index.html.erb
  Rendered /home/dianin/.asdf/installs/ruby/3.2.2/lib/ruby/gems/3.2.0/gems/railties-7.0.4.3/lib/rails/templates/rails/welcome/index.html.erb (Duration: 1.6ms | Allocations: 636)
Completed 200 OK in 13ms (Views: 4.8ms | ActiveRecord: 0.0ms | Allocations: 5381)


Started GET "/collection_points" for ::1 at 2023-04-16 13:08:56 -0300
Processing by CollectionPointsController#index as HTML
  Rendering layout layouts/application.html.erb
  Rendering collection_points/index.html.erb within layouts/application
  [1m[36mCollectionPoint Load (0.5ms)[0m  [1m[34mSELECT "collection_points".* FROM "collection_points"[0m
  ↳ app/views/collection_points/index.html.erb:6
  Rendered collection_points/index.html.erb within layouts/application (Duration: 5.8ms | Allocations: 5109)
  Rendered layout layouts/application.html.erb (Duration: 250.9ms | Allocations: 98047)
Completed 200 OK in 254ms (Views: 251.8ms | ActiveRecord: 0.5ms | Allocations: 99699)


  [1m[36mActiveRecord::SchemaMigration Pluck (0.3ms)[0m  [1m[34mSELECT "schema_migrations"."version" FROM "schema_migrations" ORDER BY "schema_migrations"."version" ASC[0m
  [1m[36mTRANSACTION (0.1ms)[0m  [1m[35mBEGIN[0m
  [1m[36mRecyclableMaterial Create (0.5ms)[0m  [1m[32mINSERT INTO "recyclable_materials" ("name", "description", "category", "created_at", "updated_at") VALUES ($1, $2, $3, $4, $5) RETURNING "id"[0m  [["name", "Papel"], ["description", "Reciclável papel inclui jornais, revistas, envelopes, papelão e mais."], ["category", "Papel"], ["created_at", "2023-04-16 16:09:42.541310"], ["updated_at", "2023-04-16 16:09:42.541310"]]
  [1m[36mTRANSACTION (10.6ms)[0m  [1m[35mCOMMIT[0m
  [1m[36mTRANSACTION (0.3ms)[0m  [1m[35mBEGIN[0m
  [1m[36mRecyclableMaterial Create (0.4ms)[0m  [1m[32mINSERT INTO "recyclable_materials" ("name", "description", "category", "created_at", "updated_at") VALUES ($1, $2, $3, $4, $5) RETURNING "id"[0m  [["name", "Plástico"], ["description", "Reciclável plástico inclui garrafas, recipientes, sacolas e mais."], ["category", "Plástico"], ["created_at", "2023-04-16 16:09:42.557089"], ["updated_at", "2023-04-16 16:09:42.557089"]]
  [1m[36mTRANSACTION (2.6ms)[0m  [1m[35mCOMMIT[0m
  [1m[36mTRANSACTION (0.3ms)[0m  [1m[35mBEGIN[0m
  [1m[36mRecyclableMaterial Create (0.6ms)[0m  [1m[32mINSERT INTO "recyclable_materials" ("name", "description", "category", "created_at", "updated_at") VALUES ($1, $2, $3, $4, $5) RETURNING "id"[0m  [["name", "Vidro"], ["description", "Reciclável vidro inclui potes, garrafas e mais."], ["category", "Vidro"], ["created_at", "2023-04-16 16:09:42.566570"], ["updated_at", "2023-04-16 16:09:42.566570"]]
  [1m[36mTRANSACTION (2.5ms)[0m  [1m[35mCOMMIT[0m
  [1m[36mTRANSACTION (0.2ms)[0m  [1m[35mBEGIN[0m
  [1m[36mRecyclableMaterial Create (0.4ms)[0m  [1m[32mINSERT INTO "recyclable_materials" ("name", "description", "category", "created_at", "updated_at") VALUES ($1, $2, $3, $4, $5) RETURNING "id"[0m  [["name", "Metal"], ["description", "Reciclável metal inclui latas, papel alumínio, eletrodomésticos e mais."], ["category", "Metal"], ["created_at", "2023-04-16 16:09:42.575174"], ["updated_at", "2023-04-16 16:09:42.575174"]]
  [1m[36mTRANSACTION (2.1ms)[0m  [1m[35mCOMMIT[0m
  [1m[36mTRANSACTION (0.2ms)[0m  [1m[35mBEGIN[0m
  [1m[36mRecyclableMaterial Create (0.3ms)[0m  [1m[32mINSERT INTO "recyclable_materials" ("name", "description", "category", "created_at", "updated_at") VALUES ($1, $2, $3, $4, $5) RETURNING "id"[0m  [["name", "Eletrônicos"], ["description", "Reciclável eletrônicos incluem telefones, computadores e mais."], ["category", "Eletrônicos"], ["created_at", "2023-04-16 16:09:42.581651"], ["updated_at", "2023-04-16 16:09:42.581651"]]
  [1m[36mTRANSACTION (2.1ms)[0m  [1m[35mCOMMIT[0m
  [1m[36mTRANSACTION (0.2ms)[0m  [1m[35mBEGIN[0m
  [1m[36mRecyclableMaterial Create (0.3ms)[0m  [1m[32mINSERT INTO "recyclable_materials" ("name", "description", "category", "created_at", "updated_at") VALUES ($1, $2, $3, $4, $5) RETURNING "id"[0m  [["name", "Tecidos"], ["description", "Reciclável tecidos incluem roupas, toalhas, lençóis e mais."], ["category", "Tecidos"], ["created_at", "2023-04-16 16:09:42.587545"], ["updated_at", "2023-04-16 16:09:42.587545"]]
  [1m[36mTRANSACTION (2.1ms)[0m  [1m[35mCOMMIT[0m
  [1m[36mTRANSACTION (0.5ms)[0m  [1m[35mBEGIN[0m
  [1m[36mRecyclableMaterial Create (0.7ms)[0m  [1m[32mINSERT INTO "recyclable_materials" ("name", "description", "category", "created_at", "updated_at") VALUES ($1, $2, $3, $4, $5) RETURNING "id"[0m  [["name", "Baterias"], ["description", "Reciclável baterias incluem baterias de celular, baterias de carro e mais."], ["category", "Baterias"], ["created_at", "2023-04-16 16:09:42.593583"], ["updated_at", "2023-04-16 16:09:42.593583"]]
  [1m[36mTRANSACTION (3.0ms)[0m  [1m[35mCOMMIT[0m
  [1m[36mTRANSACTION (0.2ms)[0m  [1m[35mBEGIN[0m
  [1m[36mRecyclableMaterial Create (0.5ms)[0m  [1m[32mINSERT INTO "recyclable_materials" ("name", "description", "category", "created_at", "updated_at") VALUES ($1, $2, $3, $4, $5) RETURNING "id"[0m  [["name", "Pneus"], ["description", "Reciclável pneus incluem pneus de carro, de moto e mais."], ["category", "Pneus"], ["created_at", "2023-04-16 16:09:42.606024"], ["updated_at", "2023-04-16 16:09:42.606024"]]
  [1m[36mTRANSACTION (2.1ms)[0m  [1m[35mCOMMIT[0m
  [1m[36mTRANSACTION (0.2ms)[0m  [1m[35mBEGIN[0m
  [1m[36mRecyclableMaterial Create (0.3ms)[0m  [1m[32mINSERT INTO "recyclable_materials" ("name", "description", "category", "created_at", "updated_at") VALUES ($1, $2, $3, $4, $5) RETURNING "id"[0m  [["name", "Óleo de cozinha"], ["description", "Reciclável óleo de cozinha pode ser transformado em biodiesel."], ["category", "Óleo"], ["created_at", "2023-04-16 16:09:42.612112"], ["updated_at", "2023-04-16 16:09:42.612112"]]
  [1m[36mTRANSACTION (2.2ms)[0m  [1m[35mCOMMIT[0m
  [1m[36mTRANSACTION (0.4ms)[0m  [1m[35mBEGIN[0m
  [1m[36mRecyclableMaterial Create (0.7ms)[0m  [1m[32mINSERT INTO "recyclable_materials" ("name", "description", "category", "created_at", "updated_at") VALUES ($1, $2, $3, $4, $5) RETURNING "id"[0m  [["name", "Pilhas"], ["description", "Reciclável pilhas incluem pilhas alcalinas, pilhas de lítio e mais."], ["category", "Pilhas"], ["created_at", "2023-04-16 16:09:42.618280"], ["updated_at", "2023-04-16 16:09:42.618280"]]
  [1m[36mTRANSACTION (2.0ms)[0m  [1m[35mCOMMIT[0m
Started GET "/collection_points" for ::1 at 2023-04-16 13:09:48 -0300
  [1m[36mActiveRecord::SchemaMigration Pluck (0.4ms)[0m  [1m[34mSELECT "schema_migrations"."version" FROM "schema_migrations" ORDER BY "schema_migrations"."version" ASC[0m
Processing by CollectionPointsController#index as HTML
  Rendering layout layouts/application.html.erb
  Rendering collection_points/index.html.erb within layouts/application
  [1m[36mCollectionPoint Load (0.3ms)[0m  [1m[34mSELECT "collection_points".* FROM "collection_points"[0m
  ↳ app/views/collection_points/index.html.erb:6
  Rendered collection_points/index.html.erb within layouts/application (Duration: 4.5ms | Allocations: 1791)
  Rendered layout layouts/application.html.erb (Duration: 51.8ms | Allocations: 37078)
Completed 200 OK in 59ms (Views: 53.7ms | ActiveRecord: 0.3ms | Allocations: 40975)


Started GET "/recyclable_materials" for ::1 at 2023-04-16 13:09:52 -0300
Processing by RecyclableMaterialsController#index as HTML
  Rendering layout layouts/application.html.erb
  Rendering recyclable_materials/index.html.erb within layouts/application
  [1m[36mRecyclableMaterial Load (0.6ms)[0m  [1m[34mSELECT "recyclable_materials".* FROM "recyclable_materials"[0m
  ↳ app/views/recyclable_materials/index.html.erb:6
  Rendered recyclable_materials/_recyclable_material.html.erb (Duration: 0.5ms | Allocations: 244)
  Rendered recyclable_materials/_recyclable_material.html.erb (Duration: 0.0ms | Allocations: 22)
  Rendered recyclable_materials/_recyclable_material.html.erb (Duration: 0.0ms | Allocations: 22)
  Rendered recyclable_materials/_recyclable_material.html.erb (Duration: 0.0ms | Allocations: 22)
  Rendered recyclable_materials/_recyclable_material.html.erb (Duration: 0.0ms | Allocations: 22)
  Rendered recyclable_materials/_recyclable_material.html.erb (Duration: 0.0ms | Allocations: 22)
  Rendered recyclable_materials/_recyclable_material.html.erb (Duration: 0.0ms | Allocations: 22)
  Rendered recyclable_materials/_recyclable_material.html.erb (Duration: 0.0ms | Allocations: 22)
  Rendered recyclable_materials/_recyclable_material.html.erb (Duration: 0.0ms | Allocations: 23)
  Rendered recyclable_materials/_recyclable_material.html.erb (Duration: 0.0ms | Allocations: 22)
  Rendered recyclable_materials/index.html.erb within layouts/application (Duration: 17.4ms | Allocations: 7906)
  Rendered layout layouts/application.html.erb (Duration: 19.4ms | Allocations: 10202)
Completed 200 OK in 22ms (Views: 17.5ms | ActiveRecord: 3.1ms | Allocations: 11320)


Started GET "/collection_points" for ::1 at 2023-04-16 13:11:39 -0300
Processing by CollectionPointsController#index as HTML
  Rendering layout layouts/application.html.erb
  Rendering collection_points/index.html.erb within layouts/application
  [1m[36mCollectionPoint Load (0.4ms)[0m  [1m[34mSELECT "collection_points".* FROM "collection_points"[0m
  ↳ app/views/collection_points/index.html.erb:6
  Rendered collection_points/index.html.erb within layouts/application (Duration: 2.1ms | Allocations: 942)
  Rendered layout layouts/application.html.erb (Duration: 10.5ms | Allocations: 14550)
Completed 200 OK in 26ms (Views: 10.9ms | ActiveRecord: 0.4ms | Allocations: 19053)


Started GET "/collection_points/new" for ::1 at 2023-04-16 13:11:41 -0300
Processing by CollectionPointsController#new as HTML
  Rendering layout layouts/application.html.erb
  Rendering collection_points/new.html.erb within layouts/application
  Rendered collection_points/_form.html.erb (Duration: 13.4ms | Allocations: 5917)
  Rendered collection_points/new.html.erb within layouts/application (Duration: 14.2ms | Allocations: 6223)
  Rendered layout layouts/application.html.erb (Duration: 16.4ms | Allocations: 8429)
Completed 200 OK in 28ms (Views: 16.9ms | ActiveRecord: 2.7ms | Allocations: 13079)


Started GET "/collection_points" for ::1 at 2023-04-16 13:43:08 -0300
Processing by CollectionPointsController#index as HTML
  Rendering layout layouts/application.html.erb
  Rendering collection_points/index.html.erb within layouts/application
  [1m[36mCollectionPoint Load (0.4ms)[0m  [1m[34mSELECT "collection_points".* FROM "collection_points"[0m
  ↳ app/views/collection_points/index.html.erb:6
  Rendered collection_points/index.html.erb within layouts/application (Duration: 10.5ms | Allocations: 4075)
  Rendered layout layouts/application.html.erb (Duration: 21.1ms | Allocations: 18111)
Completed 200 OK in 28ms (Views: 22.1ms | ActiveRecord: 4.8ms | Allocations: 21130)


Started GET "/collection_points/new" for ::1 at 2023-04-16 13:43:10 -0300
Processing by CollectionPointsController#new as HTML
  Rendering layout layouts/application.html.erb
  Rendering collection_points/new.html.erb within layouts/application
  [1m[36mRecyclableMaterial Load (0.5ms)[0m  [1m[34mSELECT "recyclable_materials".* FROM "recyclable_materials"[0m
  ↳ app/views/collection_points/_form.html.erb:38
  Rendered collection_points/_form.html.erb (Duration: 34.9ms | Allocations: 15686)
  Rendered collection_points/new.html.erb within layouts/application (Duration: 35.8ms | Allocations: 15978)
  Rendered layout layouts/application.html.erb (Duration: 37.9ms | Allocations: 18185)
Completed 200 OK in 47ms (Views: 33.3ms | ActiveRecord: 5.0ms | Allocations: 22583)


Started GET "/collection_points/new" for ::1 at 2023-04-16 13:44:34 -0300
Processing by CollectionPointsController#new as HTML
  Rendering layout layouts/application.html.erb
  Rendering collection_points/new.html.erb within layouts/application
  [1m[36mRecyclableMaterial Load (0.3ms)[0m  [1m[34mSELECT "recyclable_materials".* FROM "recyclable_materials"[0m
  ↳ app/views/collection_points/_form.html.erb:38
  Rendered collection_points/_form.html.erb (Duration: 24.4ms | Allocations: 7343)
  Rendered collection_points/new.html.erb within layouts/application (Duration: 24.7ms | Allocations: 7447)
  Rendered layout layouts/application.html.erb (Duration: 34.8ms | Allocations: 21275)
Completed 200 OK in 70ms (Views: 33.4ms | ActiveRecord: 5.1ms | Allocations: 28173)


Started POST "/collection_points" for ::1 at 2023-04-16 13:44:39 -0300
Processing by CollectionPointsController#create as TURBO_STREAM
  Parameters: {"authenticity_token"=>"[FILTERED]", "collection_point"=>{"name"=>"teste", "address"=>"", "latitude"=>"", "longitude"=>"", "contact"=>"", "website"=>"", "recyclable_material_ids"=>["1"]}, "commit"=>"Create Collection point"}
  [1m[36mRecyclableMaterial Load (0.3ms)[0m  [1m[34mSELECT "recyclable_materials".* FROM "recyclable_materials" WHERE "recyclable_materials"."id" = $1[0m  [["id", 1]]
  ↳ app/controllers/collection_points_controller.rb:23:in `create'
  [1m[36mTRANSACTION (0.2ms)[0m  [1m[35mBEGIN[0m
  ↳ app/controllers/collection_points_controller.rb:26:in `block in create'
  [1m[36mCollectionPoint Create (0.8ms)[0m  [1m[32mINSERT INTO "collection_points" ("name", "address", "latitude", "longitude", "contact", "website", "created_at", "updated_at") VALUES ($1, $2, $3, $4, $5, $6, $7, $8) RETURNING "id"[0m  [["name", "teste"], ["address", ""], ["latitude", nil], ["longitude", nil], ["contact", ""], ["website", ""], ["created_at", "2023-04-16 16:44:39.337931"], ["updated_at", "2023-04-16 16:44:39.337931"]]
  ↳ app/controllers/collection_points_controller.rb:26:in `block in create'
  [1m[36mCollectionPoint::HABTM_RecyclableMaterials Create (0.7ms)[0m  [1m[32mINSERT INTO "collection_points_recyclable_materials" ("collection_point_id", "recyclable_material_id") VALUES ($1, $2)[0m  [["collection_point_id", 1], ["recyclable_material_id", 1]]
  ↳ app/controllers/collection_points_controller.rb:26:in `block in create'
  [1m[36mTRANSACTION (2.2ms)[0m  [1m[35mCOMMIT[0m
  ↳ app/controllers/collection_points_controller.rb:26:in `block in create'
Redirected to http://localhost:3000/collection_points/1
Completed 302 Found in 22ms (ActiveRecord: 4.9ms | Allocations: 10190)


Started GET "/collection_points/1" for ::1 at 2023-04-16 13:44:39 -0300
Processing by CollectionPointsController#show as TURBO_STREAM
  Parameters: {"id"=>"1"}
  [1m[36mCollectionPoint Load (0.4ms)[0m  [1m[34mSELECT "collection_points".* FROM "collection_points" WHERE "collection_points"."id" = $1 LIMIT $2[0m  [["id", 1], ["LIMIT", 1]]
  ↳ app/controllers/collection_points_controller.rb:67:in `set_collection_point'
  Rendering layout layouts/application.html.erb
  Rendering collection_points/show.html.erb within layouts/application
  Rendered collection_points/_collection_point.html.erb (Duration: 0.5ms | Allocations: 278)
  Rendered collection_points/show.html.erb within layouts/application (Duration: 2.3ms | Allocations: 1316)
  Rendered layout layouts/application.html.erb (Duration: 4.1ms | Allocations: 3530)
Completed 200 OK in 7ms (Views: 4.5ms | ActiveRecord: 0.4ms | Allocations: 5514)


Started GET "/collection_points" for ::1 at 2023-04-16 13:44:42 -0300
Processing by CollectionPointsController#index as HTML
  Rendering layout layouts/application.html.erb
  Rendering collection_points/index.html.erb within layouts/application
  [1m[36mCollectionPoint Load (0.3ms)[0m  [1m[34mSELECT "collection_points".* FROM "collection_points"[0m
  ↳ app/views/collection_points/index.html.erb:6
  Rendered collection_points/_collection_point.html.erb (Duration: 0.1ms | Allocations: 24)
  Rendered collection_points/index.html.erb within layouts/application (Duration: 2.0ms | Allocations: 1022)
  Rendered layout layouts/application.html.erb (Duration: 4.2ms | Allocations: 3227)
Completed 200 OK in 5ms (Views: 4.4ms | ActiveRecord: 0.3ms | Allocations: 3500)


Started GET "/collection_points/1" for ::1 at 2023-04-16 13:44:43 -0300
Processing by CollectionPointsController#show as HTML
  Parameters: {"id"=>"1"}
  [1m[36mCollectionPoint Load (0.3ms)[0m  [1m[34mSELECT "collection_points".* FROM "collection_points" WHERE "collection_points"."id" = $1 LIMIT $2[0m  [["id", 1], ["LIMIT", 1]]
  ↳ app/controllers/collection_points_controller.rb:67:in `set_collection_point'
  Rendering layout layouts/application.html.erb
  Rendering collection_points/show.html.erb within layouts/application
  Rendered collection_points/_collection_point.html.erb (Duration: 0.1ms | Allocations: 24)
  Rendered collection_points/show.html.erb within layouts/application (Duration: 1.0ms | Allocations: 618)
  Rendered layout layouts/application.html.erb (Duration: 3.4ms | Allocations: 2816)
Completed 200 OK in 6ms (Views: 3.9ms | ActiveRecord: 0.3ms | Allocations: 3606)


Started GET "/collection_points/1/edit" for ::1 at 2023-04-16 13:44:45 -0300
Processing by CollectionPointsController#edit as HTML
  Parameters: {"id"=>"1"}
  [1m[36mCollectionPoint Load (0.5ms)[0m  [1m[34mSELECT "collection_points".* FROM "collection_points" WHERE "collection_points"."id" = $1 LIMIT $2[0m  [["id", 1], ["LIMIT", 1]]
  ↳ app/controllers/collection_points_controller.rb:67:in `set_collection_point'
  Rendering layout layouts/application.html.erb
  Rendering collection_points/edit.html.erb within layouts/application
  Rendered collection_points/_form.html.erb (Duration: 7.3ms | Allocations: 3877)
  Rendered collection_points/edit.html.erb within layouts/application (Duration: 8.2ms | Allocations: 4105)
  Rendered layout layouts/application.html.erb (Duration: 8.3ms | Allocations: 4192)
Completed 500 Internal Server Error in 11ms (ActiveRecord: 0.5ms | Allocations: 5038)


  
ActionView::Template::Error (undefined method `each' for nil:NilClass):
    35:   </div>
    36:   <div>
    37:     <%= form.label "Materials", style: "display: block" %>
    38:     <% @recyclable_materials.each do |material| %>
    39:       <div>
    40:         <%= check_box_tag "collection_point[recyclable_material_ids][]", material.id, collection_point.recyclable_material_ids.include?(material.id) %>
    41:         <%= label_tag "collection_point_recyclable_material_ids_#{material.id}", material.name %>
  
app/views/collection_points/_form.html.erb:38
app/views/collection_points/_form.html.erb:1
app/views/collection_points/edit.html.erb:3
Started GET "/collection_points/1/edit" for ::1 at 2023-04-16 13:45:36 -0300
Processing by CollectionPointsController#edit as HTML
  Parameters: {"id"=>"1"}
  [1m[36mCollectionPoint Load (0.3ms)[0m  [1m[34mSELECT "collection_points".* FROM "collection_points" WHERE "collection_points"."id" = $1 LIMIT $2[0m  [["id", 1], ["LIMIT", 1]]
  ↳ app/controllers/collection_points_controller.rb:69:in `set_collection_point'
  Rendering layout layouts/application.html.erb
  Rendering collection_points/edit.html.erb within layouts/application
  [1m[36mRecyclableMaterial Load (0.3ms)[0m  [1m[34mSELECT "recyclable_materials".* FROM "recyclable_materials"[0m
  ↳ app/views/collection_points/_form.html.erb:38
  [1m[36mRecyclableMaterial Pluck (0.4ms)[0m  [1m[34mSELECT "recyclable_materials"."id" FROM "recyclable_materials" INNER JOIN "collection_points_recyclable_materials" ON "recyclable_materials"."id" = "collection_points_recyclable_materials"."recyclable_material_id" WHERE "collection_points_recyclable_materials"."collection_point_id" = $1[0m  [["collection_point_id", 1]]
  ↳ app/views/collection_points/_form.html.erb:40
  Rendered collection_points/_form.html.erb (Duration: 10.3ms | Allocations: 8587)
  Rendered collection_points/edit.html.erb within layouts/application (Duration: 10.6ms | Allocations: 8732)
  Rendered layout layouts/application.html.erb (Duration: 19.4ms | Allocations: 22544)
Completed 200 OK in 36ms (Views: 17.6ms | ActiveRecord: 5.1ms | Allocations: 30645)


Started GET "/collection_points" for ::1 at 2023-04-16 13:45:39 -0300
Processing by CollectionPointsController#index as HTML
  Rendering layout layouts/application.html.erb
  Rendering collection_points/index.html.erb within layouts/application
  [1m[36mCollectionPoint Load (0.3ms)[0m  [1m[34mSELECT "collection_points".* FROM "collection_points"[0m
  ↳ app/views/collection_points/index.html.erb:6
  Rendered collection_points/_collection_point.html.erb (Duration: 0.1ms | Allocations: 35)
  Rendered collection_points/index.html.erb within layouts/application (Duration: 2.1ms | Allocations: 1102)
  Rendered layout layouts/application.html.erb (Duration: 3.9ms | Allocations: 3307)
Completed 200 OK in 5ms (Views: 4.0ms | ActiveRecord: 0.3ms | Allocations: 3581)


Started GET "/collection_points/1" for ::1 at 2023-04-16 13:45:40 -0300
Processing by CollectionPointsController#show as HTML
  Parameters: {"id"=>"1"}
  [1m[36mCollectionPoint Load (0.3ms)[0m  [1m[34mSELECT "collection_points".* FROM "collection_points" WHERE "collection_points"."id" = $1 LIMIT $2[0m  [["id", 1], ["LIMIT", 1]]
  ↳ app/controllers/collection_points_controller.rb:69:in `set_collection_point'
  Rendering layout layouts/application.html.erb
  Rendering collection_points/show.html.erb within layouts/application
  Rendered collection_points/_collection_point.html.erb (Duration: 0.1ms | Allocations: 24)
  Rendered collection_points/show.html.erb within layouts/application (Duration: 0.8ms | Allocations: 609)
  Rendered layout layouts/application.html.erb (Duration: 2.6ms | Allocations: 2806)
Completed 200 OK in 5ms (Views: 2.9ms | ActiveRecord: 0.3ms | Allocations: 3595)


Started DELETE "/collection_points/1" for ::1 at 2023-04-16 13:45:41 -0300
Processing by CollectionPointsController#destroy as TURBO_STREAM
  Parameters: {"authenticity_token"=>"[FILTERED]", "id"=>"1"}
  [1m[36mCollectionPoint Load (0.3ms)[0m  [1m[34mSELECT "collection_points".* FROM "collection_points" WHERE "collection_points"."id" = $1 LIMIT $2[0m  [["id", 1], ["LIMIT", 1]]
  ↳ app/controllers/collection_points_controller.rb:69:in `set_collection_point'
  [1m[36mTRANSACTION (0.2ms)[0m  [1m[35mBEGIN[0m
  ↳ app/controllers/collection_points_controller.rb:57:in `destroy'
  [1m[36mCollectionPoint::HABTM_RecyclableMaterials Delete All (0.7ms)[0m  [1m[31mDELETE FROM "collection_points_recyclable_materials" WHERE "collection_points_recyclable_materials"."collection_point_id" = $1[0m  [["collection_point_id", 1]]
  ↳ app/controllers/collection_points_controller.rb:57:in `destroy'
  [1m[36mCollectionPoint Destroy (0.2ms)[0m  [1m[31mDELETE FROM "collection_points" WHERE "collection_points"."id" = $1[0m  [["id", 1]]
  ↳ app/controllers/collection_points_controller.rb:57:in `destroy'
  [1m[36mTRANSACTION (5.9ms)[0m  [1m[35mCOMMIT[0m
  ↳ app/controllers/collection_points_controller.rb:57:in `destroy'
Redirected to http://localhost:3000/collection_points
Completed 302 Found in 13ms (ActiveRecord: 7.7ms | Allocations: 3674)


Started GET "/collection_points" for ::1 at 2023-04-16 13:45:41 -0300
Processing by CollectionPointsController#index as TURBO_STREAM
  Rendering layout layouts/application.html.erb
  Rendering collection_points/index.html.erb within layouts/application
  [1m[36mCollectionPoint Load (0.3ms)[0m  [1m[34mSELECT "collection_points".* FROM "collection_points"[0m
  ↳ app/views/collection_points/index.html.erb:6
  Rendered collection_points/index.html.erb within layouts/application (Duration: 1.6ms | Allocations: 887)
  Rendered layout layouts/application.html.erb (Duration: 3.3ms | Allocations: 3092)
Completed 200 OK in 4ms (Views: 3.5ms | ActiveRecord: 0.3ms | Allocations: 3365)


